
<dict>
	cocos2d.x.version: 2.2.1
	cocos2d.x.compiled_with_profiler: false
	cocos2d.x.compiled_with_gl_state_cache: true
	gl.vendor: ATI Technologies Inc.
	gl.renderer: AMD Radeon HD 8850M
	gl.version: 4.2.12224 Compatibility Profile Context 12.105.4.0
	gl.max_texture_size: 16384
	gl.max_texture_units: 32
	gl.supports_PVRTC: false
	gl.supports_NPOT: true
	gl.supports_BGRA8888: false
	gl.supports_discard_framebuffer: false
	gl.supports_vertex_array_object: true
</dict>
lua_loadChunksFromZIP() - load zip file: D:\DevelopSDKs\quick_cocos2d-x\quick-cocos2d-x-feature-add_ccs_support\lib\framework_precompiled\framework_precompiled.zip
lua_loadChunksFromZIP() - loaded chunks count: 59
------------------------------------------------
LOAD LUA FILE: D:/DevelopSDKs/quick_cocos2d-x/quick-cocos2d-x-feature-add_ccs_support/samples/nightclub/scripts/main.lua
------------------------------------------------
[0.2664] [INFO] 
[0.2668] [INFO] # DEBUG                        = 2
[0.2672] [INFO] #
[0.2677] [INFO] # device.platform              = windows
[0.2681] [INFO] # device.model                 = unknown
[0.2685] [INFO] # device.language              = cn
[0.2690] [INFO] # device.writablePath          = D:\DevelopSDKs\quick_cocos2d-x\quick-cocos2d-x-feature-add_ccs_support\samples\nightclub\
[0.2700] [INFO] # device.cachePath             = D:\DevelopSDKs\quick_cocos2d-x\quick-cocos2d-x-feature-add_ccs_support\samples\nightclub\
[0.2712] [INFO] # device.directorySeparator    = \
[0.2725] [INFO] # device.pathSeparator         = ;
[0.2733] [INFO] #
[0.2753] [INFO] # CONFIG_SCREEN_AUTOSCALE      = FIXED_WIDTH
[0.2757] [INFO] # CONFIG_SCREEN_WIDTH          = 960.00
[0.2761] [INFO] # CONFIG_SCREEN_HEIGHT         = 540.00
[0.2766] [INFO] # display.widthInPixels        = 960.00
[0.2775] [INFO] # display.heightInPixels       = 540.00
[0.2780] [INFO] # display.contentScaleFactor   = 1.00
[0.2785] [INFO] # display.width                = 960.00
[0.2792] [INFO] # display.height               = 540.00
[0.2796] [INFO] # display.cx                   = 480.00
[0.2801] [INFO] # display.cy                   = 270.00
[0.2808] [INFO] # display.left                 = 0.00
[0.2813] [INFO] # display.right                = 960.00
[0.2819] [INFO] # display.top                  = 540.00
[0.2825] [INFO] # display.bottom               = 0.00
[0.2834] [INFO] # display.c_left               = -480.00
[0.2840] [INFO] # display.c_right              = 480.00
[0.2847] [INFO] # display.c_top                = 270.00
[0.2852] [INFO] # display.c_bottom             = -270.00
[0.2857] [INFO] #
[0.2870] [INFO] audio.preloadMusic() - filename: sound/newdali.mp3
[0.8053] [INFO] Scene "MainScene:onEnter()"
[0.9425] [INFO] audio.playMusic() - filename: sound/newdali.mp3, isLoop: true
[1.5812] [INFO] Check version from http://lixianlin.github.io/YeDian-version.txt ...
[1.8692] [INFO] No new version, no need to update!
