
<dict>
	cocos2d.x.version: 2.2.1
	cocos2d.x.compiled_with_profiler: false
	cocos2d.x.compiled_with_gl_state_cache: true
	gl.vendor: ATI Technologies Inc.
	gl.renderer: AMD Radeon HD 8850M
	gl.version: 4.2.12224 Compatibility Profile Context 12.105.4.0
	gl.max_texture_size: 16384
	gl.max_texture_units: 32
	gl.supports_PVRTC: false
	gl.supports_NPOT: true
	gl.supports_BGRA8888: false
	gl.supports_discard_framebuffer: false
	gl.supports_vertex_array_object: true
</dict>
lua_loadChunksFromZIP() - load zip file: D:\DevelopSDKs\quick_cocos2d-x\quick-cocos2d-x-feature-add_ccs_support\lib\framework_precompiled\framework_precompiled.zip
lua_loadChunksFromZIP() - loaded chunks count: 59
------------------------------------------------
LOAD LUA FILE: D:/DevelopSDKs/quick_cocos2d-x/quick-cocos2d-x-feature-add_ccs_support/samples/statemachine/scripts/main.lua
------------------------------------------------
[0.2472] [INFO] 
[0.2481] [INFO] # DEBUG                        = 2
[0.2484] [INFO] #
[0.2491] [INFO] # device.platform              = windows
[0.2496] [INFO] # device.model                 = unknown
[0.2502] [INFO] # device.language              = cn
[0.2507] [INFO] # device.writablePath          = D:\DevelopSDKs\quick_cocos2d-x\quick-cocos2d-x-feature-add_ccs_support\samples\statemachine\
[0.2516] [INFO] # device.cachePath             = D:\DevelopSDKs\quick_cocos2d-x\quick-cocos2d-x-feature-add_ccs_support\samples\statemachine\
[0.2526] [INFO] # device.directorySeparator    = \
[0.2531] [INFO] # device.pathSeparator         = ;
[0.2537] [INFO] #
[0.2556] [INFO] # CONFIG_SCREEN_AUTOSCALE      = FIXED_WIDTH
[0.2559] [INFO] # CONFIG_SCREEN_WIDTH          = 640.00
[0.2565] [INFO] # CONFIG_SCREEN_HEIGHT         = 960.00
[0.2573] [INFO] # display.widthInPixels        = 640.00
[0.2580] [INFO] # display.heightInPixels       = 960.00
[0.2583] [INFO] # display.contentScaleFactor   = 1.00
[0.2588] [INFO] # display.width                = 640.00
[0.2594] [INFO] # display.height               = 960.00
[0.2598] [INFO] # display.cx                   = 320.00
[0.2603] [INFO] # display.cy                   = 480.00
[0.2609] [INFO] # display.left                 = 0.00
[0.2614] [INFO] # display.right                = 640.00
[0.2621] [INFO] # display.top                  = 960.00
[0.2627] [INFO] # display.bottom               = 0.00
[0.2634] [INFO] # display.c_left               = -320.00
[0.2640] [INFO] # display.c_right              = 320.00
[0.2646] [INFO] # display.c_top                = 480.00
[0.2650] [INFO] # display.c_bottom             = -480.00
[0.2654] [INFO] #
[0.3067] [INFO] Scene "MainScene:onEnter()"
[0.3071] 0: [FSM] STARTING UP
[0.3076] 0: [FSM] ENTER   STATE: green
[0.3082] 0: [FSM] CHANGED STATE: none to green
[0.3097] 0: [FSM] READY
[2530.6682] [INFO] Scene "MainScene:onExit()"
